20220713_120344: 
remote SHA: 15d82a15
local SHA: 15d82a15

20220713_120345: 
remote SHA: 15d82a15
local SHA: 15d82a15

20220713_120347: 
remote SHA: 15d82a15
local SHA: 15d82a15

20220713_121002: 
remote SHA: ca2e9d41
local SHA: ca2e9d41

20220713_121245: 
remote SHA: ca2e9d41
local SHA: ca2e9d41

20220713_135452: 
remote SHA: ce1d91a4
local SHA: ce1d91a4

20220713_135939: 
remote SHA: ce1d91a4
local SHA: ce1d91a4

20220713_140643: 
remote SHA: ce1d91a4
local SHA: ce1d91a4

20220713_141724: 
remote SHA: ce1d91a4
local SHA: ce1d91a4

20220713_141759: 
remote SHA: ce1d91a4
local SHA:  ce1d91a4

20220713_144457: 
remote SHA: ce1d91a4
local SHA:  ce1d91a4

20220713_145014: 
remote SHA: ce1d91a4
local SHA:  ce1d91a4

20220713_145355: 
remote SHA: 85fc371c
local SHA:  85fc371c

20220713_145436: 
remote SHA: 85fc371c
local SHA:  85fc371c

20220713_145525: 
remote SHA: 85fc371c
local SHA:  85fc371c

20220713_145756: 
remote SHA: 61a12ef4
local SHA:  61a12ef4

20220713_150949: 
remote SHA: 49f9b70f
local SHA:  49f9b70f

20220713_162146: 
remote SHA: b2ffe619
local SHA:  b2ffe619

20220714_120406: 
remote SHA: b9f286b0
local SHA:  b9f286b0

2022/07/14_12:06:43: 
remote SHA: b9f286b0
local SHA:  b9f286b0

20220802_183836: 
remote SHA: 02c2be35
local SHA:  e937715d

